0 info it worked if it ends with ok
1 verbose cli [ 'C:\\Program Files\\nodejs\\node.exe',
1 verbose cli   'C:\\Program Files\\nodejs\\node_modules\\npm\\bin\\npm-cli.js',
1 verbose cli   'install' ]
2 info using npm@3.10.10
3 info using node@v6.10.0
4 silly loadCurrentTree Starting
5 silly install loadCurrentTree
6 silly install readLocalPackageData
7 silly install normalizeTree
8 silly loadCurrentTree Finishing
9 silly loadIdealTree Starting
10 silly install loadIdealTree
11 silly cloneCurrentTree Starting
12 silly install cloneCurrentTreeToIdealTree
13 silly cloneCurrentTree Finishing
14 silly loadShrinkwrap Starting
15 silly install loadShrinkwrap
16 silly loadShrinkwrap Finishing
17 silly loadAllDepsIntoIdealTree Starting
18 silly install loadAllDepsIntoIdealTree
19 silly fetchNamedPackageData grunt-contrib-imagemin
20 silly mapToRegistry name grunt-contrib-imagemin
21 silly mapToRegistry using default registry
22 silly mapToRegistry registry https://registry.npmjs.org/
23 silly mapToRegistry data Result {
23 silly mapToRegistry   raw: 'grunt-contrib-imagemin',
23 silly mapToRegistry   scope: null,
23 silly mapToRegistry   escapedName: 'grunt-contrib-imagemin',
23 silly mapToRegistry   name: 'grunt-contrib-imagemin',
23 silly mapToRegistry   rawSpec: '',
23 silly mapToRegistry   spec: 'latest',
23 silly mapToRegistry   type: 'tag' }
24 silly mapToRegistry uri https://registry.npmjs.org/grunt-contrib-imagemin
25 verbose request uri https://registry.npmjs.org/grunt-contrib-imagemin
26 verbose request no auth needed
27 info attempt registry request try #1 at 7:06:32 PM
28 verbose request id ee73df27d89be7a9
29 verbose etag "5a514b25-fc88"
30 verbose lastModified Sat, 6 Jan 2018 22:18:13 GMT
31 http request GET https://registry.npmjs.org/grunt-contrib-imagemin
32 http 304 https://registry.npmjs.org/grunt-contrib-imagemin
33 verbose headers { date: 'Mon, 15 Jan 2018 14:06:36 GMT',
33 verbose headers   via: '1.1 varnish',
33 verbose headers   'cache-control': 'max-age=300',
33 verbose headers   etag: '"5a514b25-fc88"',
33 verbose headers   age: '2605',
33 verbose headers   connection: 'keep-alive',
33 verbose headers   'x-served-by': 'cache-sin18029-SIN',
33 verbose headers   'x-cache': 'HIT',
33 verbose headers   'x-cache-hits': '2',
33 verbose headers   'x-timer': 'S1516025196.016410,VS0,VE1',
33 verbose headers   vary: 'Accept-Encoding, Accept' }
34 silly get cb [ 304,
34 silly get   { date: 'Mon, 15 Jan 2018 14:06:36 GMT',
34 silly get     via: '1.1 varnish',
34 silly get     'cache-control': 'max-age=300',
34 silly get     etag: '"5a514b25-fc88"',
34 silly get     age: '2605',
34 silly get     connection: 'keep-alive',
34 silly get     'x-served-by': 'cache-sin18029-SIN',
34 silly get     'x-cache': 'HIT',
34 silly get     'x-cache-hits': '2',
34 silly get     'x-timer': 'S1516025196.016410,VS0,VE1',
34 silly get     vary: 'Accept-Encoding, Accept' } ]
35 verbose etag https://registry.npmjs.org/grunt-contrib-imagemin from cache
36 verbose get saving grunt-contrib-imagemin to C:\Users\usama\AppData\Roaming\npm-cache\registry.npmjs.org\grunt-contrib-imagemin\.cache.json
37 verbose correctMkdir C:\Users\usama\AppData\Roaming\npm-cache correctMkdir not in flight; initializing
38 silly resolveWithNewModule grunt-contrib-imagemin@0.2.1 checking installable status
39 silly cache add args [ 'grunt-contrib-imagemin@~0.2.0', null ]
40 verbose cache add spec grunt-contrib-imagemin@~0.2.0
41 silly cache add parsed spec Result {
41 silly cache add   raw: 'grunt-contrib-imagemin@~0.2.0',
41 silly cache add   scope: null,
41 silly cache add   escapedName: 'grunt-contrib-imagemin',
41 silly cache add   name: 'grunt-contrib-imagemin',
41 silly cache add   rawSpec: '~0.2.0',
41 silly cache add   spec: '>=0.2.0 <0.3.0',
41 silly cache add   type: 'range' }
42 silly addNamed grunt-contrib-imagemin@>=0.2.0 <0.3.0
43 verbose addNamed ">=0.2.0 <0.3.0" is a valid semver range for grunt-contrib-imagemin
44 silly addNameRange { name: 'grunt-contrib-imagemin',
44 silly addNameRange   range: '>=0.2.0 <0.3.0',
44 silly addNameRange   hasData: false }
45 silly mapToRegistry name grunt-contrib-imagemin
46 silly mapToRegistry using default registry
47 silly mapToRegistry registry https://registry.npmjs.org/
48 silly mapToRegistry data Result {
48 silly mapToRegistry   raw: 'grunt-contrib-imagemin',
48 silly mapToRegistry   scope: null,
48 silly mapToRegistry   escapedName: 'grunt-contrib-imagemin',
48 silly mapToRegistry   name: 'grunt-contrib-imagemin',
48 silly mapToRegistry   rawSpec: '',
48 silly mapToRegistry   spec: 'latest',
48 silly mapToRegistry   type: 'tag' }
49 silly mapToRegistry uri https://registry.npmjs.org/grunt-contrib-imagemin
50 verbose addNameRange registry:https://registry.npmjs.org/grunt-contrib-imagemin not in flight; fetching
51 verbose get https://registry.npmjs.org/grunt-contrib-imagemin not expired, no request
52 silly addNameRange number 2 { name: 'grunt-contrib-imagemin',
52 silly addNameRange   range: '>=0.2.0 <0.3.0',
52 silly addNameRange   hasData: true }
53 silly addNameRange versions [ 'grunt-contrib-imagemin',
53 silly addNameRange   [ '0.1.0',
53 silly addNameRange     '0.1.1',
53 silly addNameRange     '0.1.2',
53 silly addNameRange     '0.1.3',
53 silly addNameRange     '0.1.4',
53 silly addNameRange     '0.1.1-rc7',
53 silly addNameRange     '0.1.1-rc8',
53 silly addNameRange     '0.2.0',
53 silly addNameRange     '0.2.1',
53 silly addNameRange     '0.3.0',
53 silly addNameRange     '0.4.0',
53 silly addNameRange     '0.4.1',
53 silly addNameRange     '0.5.0',
53 silly addNameRange     '0.6.0',
53 silly addNameRange     '0.6.1',
53 silly addNameRange     '0.7.0',
53 silly addNameRange     '0.7.1',
53 silly addNameRange     '0.7.2',
53 silly addNameRange     '0.8.0',
53 silly addNameRange     '0.8.1',
53 silly addNameRange     '0.9.0',
53 silly addNameRange     '0.9.1',
53 silly addNameRange     '0.9.2',
53 silly addNameRange     '0.9.3',
53 silly addNameRange     '0.9.4',
53 silly addNameRange     '1.0.0',
53 silly addNameRange     '1.0.1',
53 silly addNameRange     '2.0.0',
53 silly addNameRange     '2.0.1' ] ]
54 silly addNamed grunt-contrib-imagemin@0.2.1
55 verbose addNamed "0.2.1" is a plain semver version for grunt-contrib-imagemin
56 silly cache afterAdd grunt-contrib-imagemin@0.2.1
57 verbose afterAdd C:\Users\usama\AppData\Roaming\npm-cache\grunt-contrib-imagemin\0.2.1\package\package.json not in flight; writing
58 verbose correctMkdir C:\Users\usama\AppData\Roaming\npm-cache correctMkdir not in flight; initializing
59 verbose afterAdd C:\Users\usama\AppData\Roaming\npm-cache\grunt-contrib-imagemin\0.2.1\package\package.json written
60 silly fetchNamedPackageData gifsicle
61 silly mapToRegistry name gifsicle
62 silly mapToRegistry using default registry
63 silly mapToRegistry registry https://registry.npmjs.org/
64 silly mapToRegistry data Result {
64 silly mapToRegistry   raw: 'gifsicle',
64 silly mapToRegistry   scope: null,
64 silly mapToRegistry   escapedName: 'gifsicle',
64 silly mapToRegistry   name: 'gifsicle',
64 silly mapToRegistry   rawSpec: '',
64 silly mapToRegistry   spec: 'latest',
64 silly mapToRegistry   type: 'tag' }
65 silly mapToRegistry uri https://registry.npmjs.org/gifsicle
66 verbose request uri https://registry.npmjs.org/gifsicle
67 verbose request no auth needed
68 info attempt registry request try #1 at 7:06:33 PM
69 verbose etag "5a108ad8-73b8"
70 verbose lastModified Sat, 18 Nov 2017 19:32:40 GMT
71 http request GET https://registry.npmjs.org/gifsicle
72 http 304 https://registry.npmjs.org/gifsicle
73 verbose headers { date: 'Mon, 15 Jan 2018 14:06:36 GMT',
73 verbose headers   via: '1.1 varnish',
73 verbose headers   'cache-control': 'max-age=300',
73 verbose headers   etag: '"5a108ad8-73b8"',
73 verbose headers   age: '14211',
73 verbose headers   connection: 'keep-alive',
73 verbose headers   'x-served-by': 'cache-sin18029-SIN',
73 verbose headers   'x-cache': 'HIT',
73 verbose headers   'x-cache-hits': '12',
73 verbose headers   'x-timer': 'S1516025196.391277,VS0,VE0',
73 verbose headers   vary: 'Accept-Encoding, Accept' }
74 silly get cb [ 304,
74 silly get   { date: 'Mon, 15 Jan 2018 14:06:36 GMT',
74 silly get     via: '1.1 varnish',
74 silly get     'cache-control': 'max-age=300',
74 silly get     etag: '"5a108ad8-73b8"',
74 silly get     age: '14211',
74 silly get     connection: 'keep-alive',
74 silly get     'x-served-by': 'cache-sin18029-SIN',
74 silly get     'x-cache': 'HIT',
74 silly get     'x-cache-hits': '12',
74 silly get     'x-timer': 'S1516025196.391277,VS0,VE0',
74 silly get     vary: 'Accept-Encoding, Accept' } ]
75 verbose etag https://registry.npmjs.org/gifsicle from cache
76 verbose get saving gifsicle to C:\Users\usama\AppData\Roaming\npm-cache\registry.npmjs.org\gifsicle\.cache.json
77 verbose correctMkdir C:\Users\usama\AppData\Roaming\npm-cache correctMkdir not in flight; initializing
78 silly resolveWithNewModule gifsicle@0.1.7 checking installable status
79 silly cache add args [ 'gifsicle@~0.1.0', null ]
80 verbose cache add spec gifsicle@~0.1.0
81 silly cache add parsed spec Result {
81 silly cache add   raw: 'gifsicle@~0.1.0',
81 silly cache add   scope: null,
81 silly cache add   escapedName: 'gifsicle',
81 silly cache add   name: 'gifsicle',
81 silly cache add   rawSpec: '~0.1.0',
81 silly cache add   spec: '>=0.1.0 <0.2.0',
81 silly cache add   type: 'range' }
82 silly addNamed gifsicle@>=0.1.0 <0.2.0
83 verbose addNamed ">=0.1.0 <0.2.0" is a valid semver range for gifsicle
84 silly addNameRange { name: 'gifsicle', range: '>=0.1.0 <0.2.0', hasData: false }
85 silly mapToRegistry name gifsicle
86 silly mapToRegistry using default registry
87 silly mapToRegistry registry https://registry.npmjs.org/
88 silly mapToRegistry data Result {
88 silly mapToRegistry   raw: 'gifsicle',
88 silly mapToRegistry   scope: null,
88 silly mapToRegistry   escapedName: 'gifsicle',
88 silly mapToRegistry   name: 'gifsicle',
88 silly mapToRegistry   rawSpec: '',
88 silly mapToRegistry   spec: 'latest',
88 silly mapToRegistry   type: 'tag' }
89 silly mapToRegistry uri https://registry.npmjs.org/gifsicle
90 verbose addNameRange registry:https://registry.npmjs.org/gifsicle not in flight; fetching
91 verbose get https://registry.npmjs.org/gifsicle not expired, no request
92 silly addNameRange number 2 { name: 'gifsicle', range: '>=0.1.0 <0.2.0', hasData: true }
93 silly addNameRange versions [ 'gifsicle',
93 silly addNameRange   [ '0.1.0',
93 silly addNameRange     '0.1.1',
93 silly addNameRange     '0.1.2',
93 silly addNameRange     '0.1.3',
93 silly addNameRange     '0.1.4',
93 silly addNameRange     '0.1.5',
93 silly addNameRange     '0.1.6',
93 silly addNameRange     '0.1.7',
93 silly addNameRange     '1.0.0',
93 silly addNameRange     '1.0.1',
93 silly addNameRange     '1.0.2',
93 silly addNameRange     '1.0.3',
93 silly addNameRange     '2.0.0',
93 silly addNameRange     '2.0.1',
93 silly addNameRange     '3.0.0',
93 silly addNameRange     '3.0.1',
93 silly addNameRange     '3.0.2',
93 silly addNameRange     '3.0.3',
93 silly addNameRange     '3.0.4' ] ]
94 silly addNamed gifsicle@0.1.7
95 verbose addNamed "0.1.7" is a plain semver version for gifsicle
96 silly cache afterAdd gifsicle@0.1.7
97 verbose afterAdd C:\Users\usama\AppData\Roaming\npm-cache\gifsicle\0.1.7\package\package.json not in flight; writing
98 verbose correctMkdir C:\Users\usama\AppData\Roaming\npm-cache correctMkdir not in flight; initializing
99 verbose afterAdd C:\Users\usama\AppData\Roaming\npm-cache\gifsicle\0.1.7\package\package.json written
100 silly loadAllDepsIntoIdealTree Finishing
101 silly loadIdealTree Finishing
102 silly currentTree hello@0.0.0
102 silly currentTree +-- abbrev@1.1.1
102 silly currentTree +-- adm-zip@0.4.7
102 silly currentTree +-- ajv@5.5.2
102 silly currentTree +-- amdefine@1.0.1
102 silly currentTree +-- ansi-regex@2.1.1
102 silly currentTree +-- ansi-styles@0.2.0
102 silly currentTree +-- ansi@0.3.1
102 silly currentTree +-- archy@0.0.2
102 silly currentTree +-- argparse@0.1.16
102 silly currentTree | `-- underscore.string@2.4.0
102 silly currentTree +-- asn1@0.2.3
102 silly currentTree +-- assert-plus@1.0.0
102 silly currentTree +-- astral-angular-annotate@0.0.2
102 silly currentTree +-- astral-pass@0.1.0
102 silly currentTree +-- astral@0.1.0
102 silly currentTree +-- async@0.1.22
102 silly currentTree +-- asynckit@0.4.0
102 silly currentTree +-- autoprefixer@0.7.20130824
102 silly currentTree +-- aws-sign2@0.7.0
102 silly currentTree +-- aws4@1.6.0
102 silly currentTree +-- bcrypt-pbkdf@1.0.1
102 silly currentTree +-- bin-build@0.1.1
102 silly currentTree +-- bin-check@0.1.5
102 silly currentTree +-- bin-wrapper@0.3.4
102 silly currentTree +-- binary@0.3.0
102 silly currentTree +-- block-stream@0.0.9
102 silly currentTree +-- boom@4.3.1
102 silly currentTree +-- bower@0.9.2
102 silly currentTree | +-- abbrev@1.0.9
102 silly currentTree | +-- async@0.2.10
102 silly currentTree | +-- graceful-fs@1.1.14
102 silly currentTree | +-- lodash@1.0.2
102 silly currentTree | +-- nopt@2.0.0
102 silly currentTree | +-- request@2.11.4
102 silly currentTree | | +-- form-data@0.0.3
102 silly currentTree | | | +-- async@0.1.9
102 silly currentTree | | | `-- combined-stream@0.0.3
102 silly currentTree | | |   `-- delayed-stream@0.0.5
102 silly currentTree | | `-- mime@1.2.7
102 silly currentTree | `-- rimraf@2.0.3
102 silly currentTree +-- buffer-crc32@0.2.1
102 silly currentTree +-- buffers@0.1.1
102 silly currentTree +-- bytes@0.2.0
102 silly currentTree +-- camelcase@1.2.1
102 silly currentTree +-- caseless@0.12.0
102 silly currentTree +-- chainsaw@0.1.0
102 silly currentTree +-- chalk@0.2.1
102 silly currentTree +-- clean-css@1.1.7
102 silly currentTree +-- cli@0.4.5
102 silly currentTree +-- clone@0.1.19
102 silly currentTree +-- co@4.6.0
102 silly currentTree +-- coa@0.3.9
102 silly currentTree +-- coffee-script@1.3.3
102 silly currentTree +-- colors@0.6.2
102 silly currentTree +-- combined-stream@1.0.5
102 silly currentTree +-- commander@2.0.0
102 silly currentTree +-- config-chain@0.3.4
102 silly currentTree +-- configstore@0.3.2
102 silly currentTree | +-- argparse@1.0.9
102 silly currentTree | +-- esprima@4.0.0
102 silly currentTree | +-- graceful-fs@3.0.11
102 silly currentTree | +-- js-yaml@3.10.0
102 silly currentTree | +-- mkdirp@0.5.1
102 silly currentTree | +-- object-assign@2.1.1
102 silly currentTree | `-- uuid@2.0.3
102 silly currentTree +-- connect-livereload@0.2.0
102 silly currentTree +-- connect@2.7.11
102 silly currentTree +-- console-browserify@0.1.6
102 silly currentTree +-- cookie-signature@1.0.1
102 silly currentTree +-- cookie@0.0.5
102 silly currentTree +-- core-util-is@1.0.2
102 silly currentTree +-- cryptiles@3.1.2
102 silly currentTree | `-- boom@5.2.0
102 silly currentTree +-- css-parse@1.5.3
102 silly currentTree +-- css-stringify@1.3.2
102 silly currentTree +-- dargs@0.1.0
102 silly currentTree +-- dashdash@1.14.1
102 silly currentTree +-- dateformat@1.0.2-1.2.3
102 silly currentTree +-- debug@3.1.0
102 silly currentTree +-- decamelize@1.2.0
102 silly currentTree +-- decompress@0.2.5
102 silly currentTree | `-- nopt@2.2.1
102 silly currentTree +-- delayed-stream@1.0.0
102 silly currentTree +-- download@0.1.19
102 silly currentTree | `-- nopt@2.2.1
102 silly currentTree +-- duplexer@0.1.1
102 silly currentTree +-- each-async@0.1.3
102 silly currentTree +-- ecc-jsbn@0.1.1
102 silly currentTree +-- escape-string-regexp@1.0.5
102 silly currentTree +-- escodegen@0.0.28
102 silly currentTree +-- esprima@1.0.4
102 silly currentTree +-- estraverse@1.3.2
102 silly currentTree +-- eventemitter2@0.4.14
102 silly currentTree +-- executable@0.1.3
102 silly currentTree +-- exit@0.1.2
102 silly currentTree +-- ext-list@0.2.0
102 silly currentTree +-- ext-name@1.0.1
102 silly currentTree | `-- underscore.string@2.3.3
102 silly currentTree +-- extend@3.0.1
102 silly currentTree +-- extsprintf@1.3.0
102 silly currentTree +-- fast-deep-equal@1.0.0
102 silly currentTree +-- fast-json-stable-stringify@2.0.0
102 silly currentTree +-- faye-websocket@0.4.4
102 silly currentTree +-- filesize@1.10.0
102 silly currentTree +-- find-file@0.1.4
102 silly currentTree +-- findup-sync@0.1.3
102 silly currentTree | +-- glob@3.2.11
102 silly currentTree | +-- lodash@2.4.2
102 silly currentTree | `-- minimatch@0.3.0
102 silly currentTree +-- forever-agent@0.6.1
102 silly currentTree +-- form-data@2.3.1
102 silly currentTree +-- formidable@1.0.14
102 silly currentTree +-- fresh@0.1.0
102 silly currentTree +-- fstream@0.1.31
102 silly currentTree | +-- graceful-fs@3.0.11
102 silly currentTree | `-- mkdirp@0.5.1
102 silly currentTree +-- gaze@0.4.3
102 silly currentTree +-- get-stdin@0.1.0
102 silly currentTree +-- get-urls@0.1.2
102 silly currentTree +-- getobject@0.1.0
102 silly currentTree +-- getpass@0.1.7
102 silly currentTree +-- glob@3.1.21
102 silly currentTree | `-- inherits@1.0.2
102 silly currentTree +-- globule@0.1.0
102 silly currentTree | `-- lodash@1.0.2
102 silly currentTree +-- google-cdn@0.1.4
102 silly currentTree | +-- debug@0.7.4
102 silly currentTree | `-- semver@2.0.11
102 silly currentTree +-- got@0.2.0
102 silly currentTree +-- graceful-fs@1.2.3
102 silly currentTree +-- grunt-autoprefixer@0.2.20130806
102 silly currentTree +-- grunt-concurrent@0.3.1
102 silly currentTree +-- grunt-contrib-clean@0.5.0
102 silly currentTree +-- grunt-contrib-coffee@0.7.0
102 silly currentTree | `-- coffee-script@1.6.3
102 silly currentTree +-- grunt-contrib-compass@0.5.0
102 silly currentTree | `-- async@0.2.10
102 silly currentTree +-- grunt-contrib-concat@0.3.0
102 silly currentTree +-- grunt-contrib-connect@0.5.0
102 silly currentTree +-- grunt-contrib-copy@0.4.1
102 silly currentTree +-- grunt-contrib-cssmin@0.6.2
102 silly currentTree +-- grunt-contrib-htmlmin@0.1.3
102 silly currentTree +-- grunt-contrib-jshint@0.6.5
102 silly currentTree +-- grunt-contrib-uglify@0.2.7
102 silly currentTree +-- grunt-contrib-watch@0.5.3
102 silly currentTree +-- grunt-google-cdn@0.2.2
102 silly currentTree +-- grunt-legacy-log-utils@0.1.1
102 silly currentTree | +-- lodash@2.4.2
102 silly currentTree | `-- underscore.string@2.3.3
102 silly currentTree +-- grunt-legacy-log@0.1.3
102 silly currentTree | +-- lodash@2.4.2
102 silly currentTree | `-- underscore.string@2.3.3
102 silly currentTree +-- grunt-legacy-util@0.2.0
102 silly currentTree +-- grunt-lib-contrib@0.6.1
102 silly currentTree +-- grunt-ngmin@0.0.3
102 silly currentTree +-- grunt-rev@0.1.0
102 silly currentTree +-- grunt-svgmin@0.2.1
102 silly currentTree | +-- chalk@0.3.0
102 silly currentTree | `-- filesize@2.0.4
102 silly currentTree +-- grunt-usemin@0.1.13
102 silly currentTree +-- grunt@0.4.5
102 silly currentTree +-- har-schema@2.0.0
102 silly currentTree +-- har-validator@5.0.3
102 silly currentTree +-- has-ansi@2.0.0
102 silly currentTree +-- has-color@0.1.7
102 silly currentTree +-- hawk@6.0.2
102 silly currentTree +-- hoek@4.2.0
102 silly currentTree +-- hogan.js@2.0.0
102 silly currentTree +-- hooker@0.2.3
102 silly currentTree +-- html-minifier@0.5.6
102 silly currentTree +-- http-signature@1.2.0
102 silly currentTree +-- iconv-lite@0.2.11
102 silly currentTree +-- inherits@2.0.3
102 silly currentTree +-- ini@1.0.5
102 silly currentTree +-- is-typedarray@1.0.0
102 silly currentTree +-- isarray@0.0.1
102 silly currentTree +-- isstream@0.1.2
102 silly currentTree +-- jpegtran-bin@0.2.8
102 silly currentTree +-- js-yaml@2.0.5
102 silly currentTree +-- jsbn@0.1.1
102 silly currentTree +-- jshint@2.1.11
102 silly currentTree | `-- underscore@1.4.4
102 silly currentTree +-- json-schema-traverse@0.3.1
102 silly currentTree +-- json-schema@0.2.3
102 silly currentTree +-- json-stringify-safe@5.0.1
102 silly currentTree +-- jsprim@1.4.1
102 silly currentTree +-- keypress@0.1.0
102 silly currentTree +-- load-grunt-tasks@0.1.3
102 silly currentTree | `-- lodash@2.2.1
102 silly currentTree +-- lodash@0.9.2
102 silly currentTree +-- log-symbols@1.0.2
102 silly currentTree | +-- ansi-styles@2.2.1
102 silly currentTree | `-- chalk@1.1.3
102 silly currentTree +-- lpad@0.1.0
102 silly currentTree +-- lru-cache@2.7.3
102 silly currentTree +-- match-stream@0.0.1
102 silly currentTree +-- mime-db@1.30.0
102 silly currentTree +-- mime-types@2.1.17
102 silly currentTree +-- mime@1.2.11
102 silly currentTree +-- minimatch@0.2.14
102 silly currentTree +-- minimist@0.0.8
102 silly currentTree +-- mkdirp@0.3.5
102 silly currentTree +-- mout@0.9.1
102 silly currentTree +-- ms@2.0.0
102 silly currentTree +-- mute-stream@0.0.7
102 silly currentTree +-- natives@1.1.1
102 silly currentTree +-- ngmin@0.4.1
102 silly currentTree | `-- commander@1.1.1
102 silly currentTree +-- nopt@1.0.10
102 silly currentTree +-- noptify@0.0.3
102 silly currentTree | `-- nopt@2.0.0
102 silly currentTree +-- npmlog@0.1.1
102 silly currentTree +-- oauth-sign@0.8.2
102 silly currentTree +-- object-assign@0.3.1
102 silly currentTree +-- object-keys@0.4.0
102 silly currentTree +-- open@0.0.4
102 silly currentTree +-- optimist@0.3.7
102 silly currentTree +-- optipng-bin@0.3.11
102 silly currentTree +-- os-homedir@1.0.2
102 silly currentTree +-- os-tmpdir@1.0.2
102 silly currentTree +-- osenv@0.1.4
102 silly currentTree +-- over@0.0.5
102 silly currentTree +-- pause@0.0.1
102 silly currentTree +-- performance-now@2.1.0
102 silly currentTree +-- pngquant-bin@0.1.7
102 silly currentTree | +-- ansi-styles@1.0.0
102 silly currentTree | +-- bin-wrapper@0.2.4
102 silly currentTree | +-- chalk@0.4.0
102 silly currentTree | `-- strip-ansi@0.1.1
102 silly currentTree +-- promptly@0.1.0
102 silly currentTree +-- proto-list@1.2.4
102 silly currentTree +-- pullstream@0.4.1
102 silly currentTree +-- punycode@1.4.1
102 silly currentTree +-- q@0.8.12
102 silly currentTree +-- qs@0.6.5
102 silly currentTree +-- range-parser@0.0.4
102 silly currentTree +-- rc@0.0.8
102 silly currentTree +-- read-package-json@0.1.13
102 silly currentTree | `-- lru-cache@2.0.4
102 silly currentTree +-- read@1.0.7
102 silly currentTree +-- readable-stream@1.0.34
102 silly currentTree +-- request@2.83.0
102 silly currentTree | +-- qs@6.5.1
102 silly currentTree | `-- uuid@3.1.0
102 silly currentTree +-- rimraf@2.2.8
102 silly currentTree +-- safe-buffer@5.1.1
102 silly currentTree +-- sax@0.5.8
102 silly currentTree +-- semver@1.1.4
102 silly currentTree +-- send@0.1.1
102 silly currentTree +-- setimmediate@1.0.5
102 silly currentTree +-- shelljs@0.1.4
102 silly currentTree +-- sigmund@1.0.1
102 silly currentTree +-- slice-stream@1.0.0
102 silly currentTree +-- slide@1.1.6
102 silly currentTree +-- sntp@2.1.0
102 silly currentTree +-- source-map@0.1.34
102 silly currentTree +-- sprintf-js@1.0.3
102 silly currentTree +-- sshpk@1.13.1
102 silly currentTree +-- stable@0.1.6
102 silly currentTree +-- stream-combiner@0.0.4
102 silly currentTree +-- string_decoder@0.10.31
102 silly currentTree +-- stringstream@0.0.5
102 silly currentTree +-- strip-ansi@3.0.1
102 silly currentTree +-- supports-color@2.0.0
102 silly currentTree +-- svgo@0.3.7
102 silly currentTree | +-- argparse@1.0.9
102 silly currentTree | +-- esprima@4.0.0
102 silly currentTree | `-- js-yaml@3.10.0
102 silly currentTree +-- tar@0.1.20
102 silly currentTree +-- tempfile@0.1.3
102 silly currentTree +-- text-table@0.2.0
102 silly currentTree +-- through2@0.4.2
102 silly currentTree +-- time-grunt@0.1.2
102 silly currentTree | +-- chalk@0.3.0
102 silly currentTree | `-- ms@0.6.2
102 silly currentTree +-- tiny-lr@0.0.4
102 silly currentTree | +-- debug@0.7.4
102 silly currentTree | `-- qs@0.5.6
102 silly currentTree +-- tmp@0.0.21
102 silly currentTree +-- tough-cookie@2.3.3
102 silly currentTree +-- traverse@0.3.9
102 silly currentTree +-- tunnel-agent@0.6.0
102 silly currentTree +-- tweetnacl@0.14.5
102 silly currentTree +-- uglify-js@2.4.24
102 silly currentTree | `-- async@0.2.10
102 silly currentTree +-- uglify-to-browserify@1.0.2
102 silly currentTree +-- underscore.string@2.2.1
102 silly currentTree +-- underscore@1.7.0
102 silly currentTree +-- unzip@0.1.7
102 silly currentTree +-- update-notifier@0.1.10
102 silly currentTree | +-- ansi-styles@1.0.0
102 silly currentTree | +-- chalk@0.4.0
102 silly currentTree | +-- semver@2.3.2
102 silly currentTree | `-- strip-ansi@0.1.1
102 silly currentTree +-- user-home@1.1.1
102 silly currentTree +-- uuid@1.4.2
102 silly currentTree +-- verror@1.10.0
102 silly currentTree +-- whet.extend@0.9.9
102 silly currentTree +-- which@1.0.9
102 silly currentTree +-- window-size@0.1.0
102 silly currentTree +-- wordwrap@0.0.2
102 silly currentTree +-- xdg-basedir@1.0.1
102 silly currentTree +-- xtend@2.1.2
102 silly currentTree +-- yargs@3.5.4
102 silly currentTree `-- zlib-browserify@0.0.1
103 silly idealTree hello@0.0.0
103 silly idealTree +-- abbrev@1.1.1
103 silly idealTree +-- adm-zip@0.4.7
103 silly idealTree +-- ajv@5.5.2
103 silly idealTree +-- amdefine@1.0.1
103 silly idealTree +-- ansi-regex@2.1.1
103 silly idealTree +-- ansi-styles@0.2.0
103 silly idealTree +-- ansi@0.3.1
103 silly idealTree +-- archy@0.0.2
103 silly idealTree +-- argparse@0.1.16
103 silly idealTree | `-- underscore.string@2.4.0
103 silly idealTree +-- asn1@0.2.3
103 silly idealTree +-- assert-plus@1.0.0
103 silly idealTree +-- astral-angular-annotate@0.0.2
103 silly idealTree +-- astral-pass@0.1.0
103 silly idealTree +-- astral@0.1.0
103 silly idealTree +-- async@0.1.22
103 silly idealTree +-- asynckit@0.4.0
103 silly idealTree +-- autoprefixer@0.7.20130824
103 silly idealTree +-- aws-sign2@0.7.0
103 silly idealTree +-- aws4@1.6.0
103 silly idealTree +-- bcrypt-pbkdf@1.0.1
103 silly idealTree +-- bin-build@0.1.1
103 silly idealTree +-- bin-check@0.1.5
103 silly idealTree +-- bin-wrapper@0.3.4
103 silly idealTree +-- binary@0.3.0
103 silly idealTree +-- block-stream@0.0.9
103 silly idealTree +-- boom@4.3.1
103 silly idealTree +-- bower@0.9.2
103 silly idealTree | +-- abbrev@1.0.9
103 silly idealTree | +-- async@0.2.10
103 silly idealTree | +-- graceful-fs@1.1.14
103 silly idealTree | +-- lodash@1.0.2
103 silly idealTree | +-- nopt@2.0.0
103 silly idealTree | +-- request@2.11.4
103 silly idealTree | | +-- form-data@0.0.3
103 silly idealTree | | | +-- async@0.1.9
103 silly idealTree | | | `-- combined-stream@0.0.3
103 silly idealTree | | |   `-- delayed-stream@0.0.5
103 silly idealTree | | `-- mime@1.2.7
103 silly idealTree | `-- rimraf@2.0.3
103 silly idealTree +-- buffer-crc32@0.2.1
103 silly idealTree +-- buffers@0.1.1
103 silly idealTree +-- bytes@0.2.0
103 silly idealTree +-- camelcase@1.2.1
103 silly idealTree +-- caseless@0.12.0
103 silly idealTree +-- chainsaw@0.1.0
103 silly idealTree +-- chalk@0.2.1
103 silly idealTree +-- clean-css@1.1.7
103 silly idealTree +-- cli@0.4.5
103 silly idealTree +-- clone@0.1.19
103 silly idealTree +-- co@4.6.0
103 silly idealTree +-- coa@0.3.9
103 silly idealTree +-- coffee-script@1.3.3
103 silly idealTree +-- colors@0.6.2
103 silly idealTree +-- combined-stream@1.0.5
103 silly idealTree +-- commander@2.0.0
103 silly idealTree +-- config-chain@0.3.4
103 silly idealTree +-- configstore@0.3.2
103 silly idealTree | +-- argparse@1.0.9
103 silly idealTree | +-- esprima@4.0.0
103 silly idealTree | +-- graceful-fs@3.0.11
103 silly idealTree | +-- js-yaml@3.10.0
103 silly idealTree | +-- mkdirp@0.5.1
103 silly idealTree | +-- object-assign@2.1.1
103 silly idealTree | `-- uuid@2.0.3
103 silly idealTree +-- connect-livereload@0.2.0
103 silly idealTree +-- connect@2.7.11
103 silly idealTree +-- console-browserify@0.1.6
103 silly idealTree +-- cookie-signature@1.0.1
103 silly idealTree +-- cookie@0.0.5
103 silly idealTree +-- core-util-is@1.0.2
103 silly idealTree +-- cryptiles@3.1.2
103 silly idealTree | `-- boom@5.2.0
103 silly idealTree +-- css-parse@1.5.3
103 silly idealTree +-- css-stringify@1.3.2
103 silly idealTree +-- dargs@0.1.0
103 silly idealTree +-- dashdash@1.14.1
103 silly idealTree +-- dateformat@1.0.2-1.2.3
103 silly idealTree +-- debug@3.1.0
103 silly idealTree +-- decamelize@1.2.0
103 silly idealTree +-- decompress@0.2.5
103 silly idealTree | `-- nopt@2.2.1
103 silly idealTree +-- delayed-stream@1.0.0
103 silly idealTree +-- download@0.1.19
103 silly idealTree | `-- nopt@2.2.1
103 silly idealTree +-- duplexer@0.1.1
103 silly idealTree +-- each-async@0.1.3
103 silly idealTree +-- ecc-jsbn@0.1.1
103 silly idealTree +-- escape-string-regexp@1.0.5
103 silly idealTree +-- escodegen@0.0.28
103 silly idealTree +-- esprima@1.0.4
103 silly idealTree +-- estraverse@1.3.2
103 silly idealTree +-- eventemitter2@0.4.14
103 silly idealTree +-- executable@0.1.3
103 silly idealTree +-- exit@0.1.2
103 silly idealTree +-- ext-list@0.2.0
103 silly idealTree +-- ext-name@1.0.1
103 silly idealTree | `-- underscore.string@2.3.3
103 silly idealTree +-- extend@3.0.1
103 silly idealTree +-- extsprintf@1.3.0
103 silly idealTree +-- fast-deep-equal@1.0.0
103 silly idealTree +-- fast-json-stable-stringify@2.0.0
103 silly idealTree +-- faye-websocket@0.4.4
103 silly idealTree +-- filesize@1.10.0
103 silly idealTree +-- find-file@0.1.4
103 silly idealTree +-- findup-sync@0.1.3
103 silly idealTree | +-- glob@3.2.11
103 silly idealTree | +-- lodash@2.4.2
103 silly idealTree | `-- minimatch@0.3.0
103 silly idealTree +-- forever-agent@0.6.1
103 silly idealTree +-- form-data@2.3.1
103 silly idealTree +-- formidable@1.0.14
103 silly idealTree +-- fresh@0.1.0
103 silly idealTree +-- fstream@0.1.31
103 silly idealTree | +-- graceful-fs@3.0.11
103 silly idealTree | `-- mkdirp@0.5.1
103 silly idealTree +-- gaze@0.4.3
103 silly idealTree +-- get-stdin@0.1.0
103 silly idealTree +-- get-urls@0.1.2
103 silly idealTree +-- getobject@0.1.0
103 silly idealTree +-- getpass@0.1.7
103 silly idealTree +-- gifsicle@0.1.7
103 silly idealTree +-- glob@3.1.21
103 silly idealTree | `-- inherits@1.0.2
103 silly idealTree +-- globule@0.1.0
103 silly idealTree | `-- lodash@1.0.2
103 silly idealTree +-- google-cdn@0.1.4
103 silly idealTree | +-- debug@0.7.4
103 silly idealTree | `-- semver@2.0.11
103 silly idealTree +-- got@0.2.0
103 silly idealTree +-- graceful-fs@1.2.3
103 silly idealTree +-- grunt-autoprefixer@0.2.20130806
103 silly idealTree +-- grunt-concurrent@0.3.1
103 silly idealTree +-- grunt-contrib-clean@0.5.0
103 silly idealTree +-- grunt-contrib-coffee@0.7.0
103 silly idealTree | `-- coffee-script@1.6.3
103 silly idealTree +-- grunt-contrib-compass@0.5.0
103 silly idealTree | `-- async@0.2.10
103 silly idealTree +-- grunt-contrib-concat@0.3.0
103 silly idealTree +-- grunt-contrib-connect@0.5.0
103 silly idealTree +-- grunt-contrib-copy@0.4.1
103 silly idealTree +-- grunt-contrib-cssmin@0.6.2
103 silly idealTree +-- grunt-contrib-htmlmin@0.1.3
103 silly idealTree +-- grunt-contrib-imagemin@0.2.1
103 silly idealTree +-- grunt-contrib-jshint@0.6.5
103 silly idealTree +-- grunt-contrib-uglify@0.2.7
103 silly idealTree +-- grunt-contrib-watch@0.5.3
103 silly idealTree +-- grunt-google-cdn@0.2.2
103 silly idealTree +-- grunt-legacy-log-utils@0.1.1
103 silly idealTree | +-- lodash@2.4.2
103 silly idealTree | `-- underscore.string@2.3.3
103 silly idealTree +-- grunt-legacy-log@0.1.3
103 silly idealTree | +-- lodash@2.4.2
103 silly idealTree | `-- underscore.string@2.3.3
103 silly idealTree +-- grunt-legacy-util@0.2.0
103 silly idealTree +-- grunt-lib-contrib@0.6.1
103 silly idealTree +-- grunt-ngmin@0.0.3
103 silly idealTree +-- grunt-rev@0.1.0
103 silly idealTree +-- grunt-svgmin@0.2.1
103 silly idealTree | +-- chalk@0.3.0
103 silly idealTree | `-- filesize@2.0.4
103 silly idealTree +-- grunt-usemin@0.1.13
103 silly idealTree +-- grunt@0.4.5
103 silly idealTree +-- har-schema@2.0.0
103 silly idealTree +-- har-validator@5.0.3
103 silly idealTree +-- has-ansi@2.0.0
103 silly idealTree +-- has-color@0.1.7
103 silly idealTree +-- hawk@6.0.2
103 silly idealTree +-- hoek@4.2.0
103 silly idealTree +-- hogan.js@2.0.0
103 silly idealTree +-- hooker@0.2.3
103 silly idealTree +-- html-minifier@0.5.6
103 silly idealTree +-- http-signature@1.2.0
103 silly idealTree +-- iconv-lite@0.2.11
103 silly idealTree +-- inherits@2.0.3
103 silly idealTree +-- ini@1.0.5
103 silly idealTree +-- is-typedarray@1.0.0
103 silly idealTree +-- isarray@0.0.1
103 silly idealTree +-- isstream@0.1.2
103 silly idealTree +-- jpegtran-bin@0.2.8
103 silly idealTree +-- js-yaml@2.0.5
103 silly idealTree +-- jsbn@0.1.1
103 silly idealTree +-- jshint@2.1.11
103 silly idealTree | `-- underscore@1.4.4
103 silly idealTree +-- json-schema-traverse@0.3.1
103 silly idealTree +-- json-schema@0.2.3
103 silly idealTree +-- json-stringify-safe@5.0.1
103 silly idealTree +-- jsprim@1.4.1
103 silly idealTree +-- keypress@0.1.0
103 silly idealTree +-- load-grunt-tasks@0.1.3
103 silly idealTree | `-- lodash@2.2.1
103 silly idealTree +-- lodash@0.9.2
103 silly idealTree +-- log-symbols@1.0.2
103 silly idealTree | +-- ansi-styles@2.2.1
103 silly idealTree | `-- chalk@1.1.3
103 silly idealTree +-- lpad@0.1.0
103 silly idealTree +-- lru-cache@2.7.3
103 silly idealTree +-- match-stream@0.0.1
103 silly idealTree +-- mime-db@1.30.0
103 silly idealTree +-- mime-types@2.1.17
103 silly idealTree +-- mime@1.2.11
103 silly idealTree +-- minimatch@0.2.14
103 silly idealTree +-- minimist@0.0.8
103 silly idealTree +-- mkdirp@0.3.5
103 silly idealTree +-- mout@0.9.1
103 silly idealTree +-- ms@2.0.0
103 silly idealTree +-- mute-stream@0.0.7
103 silly idealTree +-- natives@1.1.1
103 silly idealTree +-- ngmin@0.4.1
103 silly idealTree | `-- commander@1.1.1
103 silly idealTree +-- nopt@1.0.10
103 silly idealTree +-- noptify@0.0.3
103 silly idealTree | `-- nopt@2.0.0
103 silly idealTree +-- npmlog@0.1.1
103 silly idealTree +-- oauth-sign@0.8.2
103 silly idealTree +-- object-assign@0.3.1
103 silly idealTree +-- object-keys@0.4.0
103 silly idealTree +-- open@0.0.4
103 silly idealTree +-- optimist@0.3.7
103 silly idealTree +-- optipng-bin@0.3.11
103 silly idealTree +-- os-homedir@1.0.2
103 silly idealTree +-- os-tmpdir@1.0.2
103 silly idealTree +-- osenv@0.1.4
103 silly idealTree +-- over@0.0.5
103 silly idealTree +-- pause@0.0.1
103 silly idealTree +-- performance-now@2.1.0
103 silly idealTree +-- pngquant-bin@0.1.7
103 silly idealTree | +-- ansi-styles@1.0.0
103 silly idealTree | +-- bin-wrapper@0.2.4
103 silly idealTree | +-- chalk@0.4.0
103 silly idealTree | `-- strip-ansi@0.1.1
103 silly idealTree +-- promptly@0.1.0
103 silly idealTree +-- proto-list@1.2.4
103 silly idealTree +-- pullstream@0.4.1
103 silly idealTree +-- punycode@1.4.1
103 silly idealTree +-- q@0.8.12
103 silly idealTree +-- qs@0.6.5
103 silly idealTree +-- range-parser@0.0.4
103 silly idealTree +-- rc@0.0.8
103 silly idealTree +-- read-package-json@0.1.13
103 silly idealTree | `-- lru-cache@2.0.4
103 silly idealTree +-- read@1.0.7
103 silly idealTree +-- readable-stream@1.0.34
103 silly idealTree +-- request@2.83.0
103 silly idealTree | +-- qs@6.5.1
103 silly idealTree | `-- uuid@3.1.0
103 silly idealTree +-- rimraf@2.2.8
103 silly idealTree +-- safe-buffer@5.1.1
103 silly idealTree +-- sax@0.5.8
103 silly idealTree +-- semver@1.1.4
103 silly idealTree +-- send@0.1.1
103 silly idealTree +-- setimmediate@1.0.5
103 silly idealTree +-- shelljs@0.1.4
103 silly idealTree +-- sigmund@1.0.1
103 silly idealTree +-- slice-stream@1.0.0
103 silly idealTree +-- slide@1.1.6
103 silly idealTree +-- sntp@2.1.0
103 silly idealTree +-- source-map@0.1.34
103 silly idealTree +-- sprintf-js@1.0.3
103 silly idealTree +-- sshpk@1.13.1
103 silly idealTree +-- stable@0.1.6
103 silly idealTree +-- stream-combiner@0.0.4
103 silly idealTree +-- string_decoder@0.10.31
103 silly idealTree +-- stringstream@0.0.5
103 silly idealTree +-- strip-ansi@3.0.1
103 silly idealTree +-- supports-color@2.0.0
103 silly idealTree +-- svgo@0.3.7
103 silly idealTree | +-- argparse@1.0.9
103 silly idealTree | +-- esprima@4.0.0
103 silly idealTree | `-- js-yaml@3.10.0
103 silly idealTree +-- tar@0.1.20
103 silly idealTree +-- tempfile@0.1.3
103 silly idealTree +-- text-table@0.2.0
103 silly idealTree +-- through2@0.4.2
103 silly idealTree +-- time-grunt@0.1.2
103 silly idealTree | +-- chalk@0.3.0
103 silly idealTree | `-- ms@0.6.2
103 silly idealTree +-- tiny-lr@0.0.4
103 silly idealTree | +-- debug@0.7.4
103 silly idealTree | `-- qs@0.5.6
103 silly idealTree +-- tmp@0.0.21
103 silly idealTree +-- tough-cookie@2.3.3
103 silly idealTree +-- traverse@0.3.9
103 silly idealTree +-- tunnel-agent@0.6.0
103 silly idealTree +-- tweetnacl@0.14.5
103 silly idealTree +-- uglify-js@2.4.24
103 silly idealTree | `-- async@0.2.10
103 silly idealTree +-- uglify-to-browserify@1.0.2
103 silly idealTree +-- underscore.string@2.2.1
103 silly idealTree +-- underscore@1.7.0
103 silly idealTree +-- unzip@0.1.7
103 silly idealTree +-- update-notifier@0.1.10
103 silly idealTree | +-- ansi-styles@1.0.0
103 silly idealTree | +-- chalk@0.4.0
103 silly idealTree | +-- semver@2.3.2
103 silly idealTree | `-- strip-ansi@0.1.1
103 silly idealTree +-- user-home@1.1.1
103 silly idealTree +-- uuid@1.4.2
103 silly idealTree +-- verror@1.10.0
103 silly idealTree +-- whet.extend@0.9.9
103 silly idealTree +-- which@1.0.9
103 silly idealTree +-- window-size@0.1.0
103 silly idealTree +-- wordwrap@0.0.2
103 silly idealTree +-- xdg-basedir@1.0.1
103 silly idealTree +-- xtend@2.1.2
103 silly idealTree +-- yargs@3.5.4
103 silly idealTree `-- zlib-browserify@0.0.1
104 silly generateActionsToTake Starting
105 silly install generateActionsToTake
106 silly generateActionsToTake Finishing
107 silly diffTrees action count 2
108 silly diffTrees add gifsicle@0.1.7
109 silly diffTrees add grunt-contrib-imagemin@0.2.1
110 silly decomposeActions action count 16
111 silly decomposeActions fetch gifsicle@0.1.7
112 silly decomposeActions extract gifsicle@0.1.7
113 silly decomposeActions test gifsicle@0.1.7
114 silly decomposeActions preinstall gifsicle@0.1.7
115 silly decomposeActions build gifsicle@0.1.7
116 silly decomposeActions install gifsicle@0.1.7
117 silly decomposeActions postinstall gifsicle@0.1.7
118 silly decomposeActions finalize gifsicle@0.1.7
119 silly decomposeActions fetch grunt-contrib-imagemin@0.2.1
120 silly decomposeActions extract grunt-contrib-imagemin@0.2.1
121 silly decomposeActions test grunt-contrib-imagemin@0.2.1
122 silly decomposeActions preinstall grunt-contrib-imagemin@0.2.1
123 silly decomposeActions build grunt-contrib-imagemin@0.2.1
124 silly decomposeActions install grunt-contrib-imagemin@0.2.1
125 silly decomposeActions postinstall grunt-contrib-imagemin@0.2.1
126 silly decomposeActions finalize grunt-contrib-imagemin@0.2.1
127 silly runTopLevelLifecycles Starting
128 silly install runPreinstallTopLevelLifecycles
129 silly preinstall hello@0.0.0 D:\softvidia\project\hello-4e6769a5
130 info lifecycle hello@0.0.0~preinstall: hello@0.0.0
131 silly lifecycle hello@0.0.0~preinstall: no script for preinstall, continuing
132 silly executeActions Starting
133 silly install executeActions
134 silly doSerial global-install 0
135 silly doParallel fetch 2
136 verbose correctMkdir C:\Users\usama\AppData\Roaming\npm-cache\_locks correctMkdir not in flight; initializing
137 verbose lock using C:\Users\usama\AppData\Roaming\npm-cache\_locks\staging-40c0a0784815aa57.lock for D:\softvidia\project\node_modules\.staging
138 silly doParallel extract 2
139 silly extract gifsicle@0.1.7
140 silly extract grunt-contrib-imagemin@0.2.1
141 verbose unbuild node_modules\.staging\grunt-contrib-imagemin-f237a5c4
142 verbose unbuild node_modules\.staging\gifsicle-b0373f78
143 silly gentlyRm D:\softvidia\project\node_modules\.staging\grunt-contrib-imagemin-f237a5c4 is being purged from base D:\softvidia\project
144 verbose gentlyRm don't care about contents; nuking D:\softvidia\project\node_modules\.staging\grunt-contrib-imagemin-f237a5c4
145 silly gentlyRm D:\softvidia\project\node_modules\.staging\gifsicle-b0373f78 is being purged from base D:\softvidia\project
146 verbose gentlyRm don't care about contents; nuking D:\softvidia\project\node_modules\.staging\gifsicle-b0373f78
147 verbose tar unpack C:\Users\usama\AppData\Roaming\npm-cache\grunt-contrib-imagemin\0.2.1\package.tgz
148 verbose tar unpacking to D:\softvidia\project\node_modules\.staging\grunt-contrib-imagemin-f237a5c4
149 silly gentlyRm D:\softvidia\project\node_modules\.staging\grunt-contrib-imagemin-f237a5c4 is being purged
150 verbose gentlyRm don't care about contents; nuking D:\softvidia\project\node_modules\.staging\grunt-contrib-imagemin-f237a5c4
151 verbose tar unpack C:\Users\usama\AppData\Roaming\npm-cache\gifsicle\0.1.7\package.tgz
152 verbose tar unpacking to D:\softvidia\project\node_modules\.staging\gifsicle-b0373f78
153 silly gentlyRm D:\softvidia\project\node_modules\.staging\gifsicle-b0373f78 is being purged
154 verbose gentlyRm don't care about contents; nuking D:\softvidia\project\node_modules\.staging\gifsicle-b0373f78
155 silly gunzTarPerm modes [ '777', '666' ]
156 silly gunzTarPerm modes [ '777', '666' ]
157 silly gunzTarPerm extractEntry package.json
158 silly gunzTarPerm modified mode [ 'package.json', 420, 438 ]
159 silly gunzTarPerm extractEntry package.json
160 silly gunzTarPerm extractEntry README.md
161 silly gunzTarPerm modified mode [ 'README.md', 420, 438 ]
162 silly gunzTarPerm extractEntry tasks/imagemin.js
163 silly gunzTarPerm modified mode [ 'tasks/imagemin.js', 420, 438 ]
164 silly gunzTarPerm extractEntry README.md
165 silly gunzTarPerm extractEntry cli.js
166 silly gunzTarPerm extractEntry index.js
167 silly gentlyRm D:\softvidia\project\node_modules\.staging\grunt-contrib-imagemin-f237a5c4\node_modules is being purged
168 verbose gentlyRm don't care about contents; nuking D:\softvidia\project\node_modules\.staging\grunt-contrib-imagemin-f237a5c4\node_modules
169 silly gentlyRm D:\softvidia\project\node_modules\.staging\gifsicle-b0373f78\node_modules is being purged
170 verbose gentlyRm don't care about contents; nuking D:\softvidia\project\node_modules\.staging\gifsicle-b0373f78\node_modules
171 silly doParallel preinstall 2
172 silly preinstall gifsicle@0.1.7 D:\softvidia\project\node_modules\.staging\gifsicle-b0373f78
173 info lifecycle gifsicle@0.1.7~preinstall: gifsicle@0.1.7
174 silly preinstall grunt-contrib-imagemin@0.2.1 D:\softvidia\project\node_modules\.staging\grunt-contrib-imagemin-f237a5c4
175 info lifecycle grunt-contrib-imagemin@0.2.1~preinstall: grunt-contrib-imagemin@0.2.1
176 silly lifecycle gifsicle@0.1.7~preinstall: no script for preinstall, continuing
177 silly lifecycle grunt-contrib-imagemin@0.2.1~preinstall: no script for preinstall, continuing
178 silly doReverseSerial remove 0
179 silly doSerial move 0
180 silly doSerial finalize 2
181 silly finalize D:\softvidia\project\node_modules\gifsicle
182 silly finalize D:\softvidia\project\node_modules\grunt-contrib-imagemin
183 silly doSerial build 2
184 silly build gifsicle@0.1.7
185 info linkStuff gifsicle@0.1.7
186 silly linkStuff gifsicle@0.1.7 has D:\softvidia\project\node_modules as its parent node_modules
187 verbose linkBins gifsicle@0.1.7
188 verbose link bins [ { gifsicle: 'cli.js' },
188 verbose link bins   'D:\\softvidia\\project\\node_modules\\.bin',
188 verbose link bins   false ]
189 verbose linkMans gifsicle@0.1.7
190 silly build grunt-contrib-imagemin@0.2.1
191 info linkStuff grunt-contrib-imagemin@0.2.1
192 silly linkStuff grunt-contrib-imagemin@0.2.1 has D:\softvidia\project\node_modules as its parent node_modules
193 verbose linkBins grunt-contrib-imagemin@0.2.1
194 verbose linkMans grunt-contrib-imagemin@0.2.1
195 silly doSerial global-link 0
196 silly doParallel update-linked 0
197 silly doSerial install 2
198 silly install gifsicle@0.1.7 D:\softvidia\project\node_modules\.staging\gifsicle-b0373f78
199 info lifecycle gifsicle@0.1.7~install: gifsicle@0.1.7
200 silly lifecycle gifsicle@0.1.7~install: no script for install, continuing
201 silly install grunt-contrib-imagemin@0.2.1 D:\softvidia\project\node_modules\.staging\grunt-contrib-imagemin-f237a5c4
202 info lifecycle grunt-contrib-imagemin@0.2.1~install: grunt-contrib-imagemin@0.2.1
203 silly lifecycle grunt-contrib-imagemin@0.2.1~install: no script for install, continuing
204 silly doSerial postinstall 2
205 silly postinstall gifsicle@0.1.7 D:\softvidia\project\node_modules\.staging\gifsicle-b0373f78
206 info lifecycle gifsicle@0.1.7~postinstall: gifsicle@0.1.7
207 verbose lifecycle gifsicle@0.1.7~postinstall: unsafe-perm in lifecycle true
208 verbose lifecycle gifsicle@0.1.7~postinstall: PATH: C:\Program Files\nodejs\node_modules\npm\bin\node-gyp-bin;D:\softvidia\project\node_modules\gifsicle\node_modules\.bin;D:\softvidia\project\node_modules\.bin;C:\ProgramData\Oracle\Java\javapath;C:\WINDOWS\system32;C:\WINDOWS;C:\WINDOWS\System32\Wbem;C:\WINDOWS\System32\WindowsPowerShell\v1.0\;C:\Program Files\Git\cmd;C:\Program Files\nodejs\;C:\Program Files\PuTTY\;C:\Program Files\Microsoft SQL Server\130\Tools\Binn\;C:\Program Files\dotnet\;C:\Program Files (x86)\Microsoft SQL Server\Client SDK\ODBC\130\Tools\Binn\;C:\Program Files (x86)\Microsoft SQL Server\130\Tools\Binn\;C:\Program Files (x86)\Microsoft SQL Server\130\DTS\Binn\;C:\Program Files (x86)\Microsoft SQL Server\130\Tools\Binn\ManagementStudio\;C:\Program Files (x86)\GtkSharp\2.12\bin;C:\Program Files\Java\jdk1.8.0_121\bin;C:\xampp\php;C:\composer;C:\Users\usama\AppData\Local\Microsoft\WindowsApps;C:\Users\usama\AppData\Roaming\npm;C:\Program Files (x86)\Microsoft VS Code\bin;C:\MongoDB\Server\3.4\bin;C:\Program Files\Java\jdk1.8.0_121\bin;C:\Users\usama\AppData\Roaming\Composer\vendor\bin
209 verbose lifecycle gifsicle@0.1.7~postinstall: CWD: D:\softvidia\project\node_modules\gifsicle
210 silly lifecycle gifsicle@0.1.7~postinstall: Args: [ '/d /s /c', 'node index.js' ]
211 silly lifecycle gifsicle@0.1.7~postinstall: Returned: code: 1  signal: null
212 info lifecycle gifsicle@0.1.7~postinstall: Failed to exec postinstall script
213 verbose unlock done using C:\Users\usama\AppData\Roaming\npm-cache\_locks\staging-40c0a0784815aa57.lock for D:\softvidia\project\node_modules\.staging
214 silly rollbackFailedOptional Starting
215 silly rollbackFailedOptional Finishing
216 silly runTopLevelLifecycles Finishing
217 silly install printInstalled
218 warn hello@0.0.0 No description
219 verbose If you need help, you may report this error at:
219 verbose     <https://github.com/npm/npm/issues>
220 warn hello@0.0.0 No repository field.
221 verbose If you need help, you may report this error at:
221 verbose     <https://github.com/npm/npm/issues>
222 warn hello@0.0.0 No license field.
223 verbose If you need help, you may report this error at:
223 verbose     <https://github.com/npm/npm/issues>
224 verbose stack Error: gifsicle@0.1.7 postinstall: `node index.js`
224 verbose stack Exit status 1
224 verbose stack     at EventEmitter.<anonymous> (C:\Program Files\nodejs\node_modules\npm\lib\utils\lifecycle.js:255:16)
224 verbose stack     at emitTwo (events.js:106:13)
224 verbose stack     at EventEmitter.emit (events.js:191:7)
224 verbose stack     at ChildProcess.<anonymous> (C:\Program Files\nodejs\node_modules\npm\lib\utils\spawn.js:40:14)
224 verbose stack     at emitTwo (events.js:106:13)
224 verbose stack     at ChildProcess.emit (events.js:191:7)
224 verbose stack     at maybeClose (internal/child_process.js:877:16)
224 verbose stack     at Process.ChildProcess._handle.onexit (internal/child_process.js:226:5)
225 verbose pkgid gifsicle@0.1.7
226 verbose cwd D:\softvidia\project
227 error Windows_NT 10.0.16299
228 error argv "C:\\Program Files\\nodejs\\node.exe" "C:\\Program Files\\nodejs\\node_modules\\npm\\bin\\npm-cli.js" "install"
229 error node v6.10.0
230 error npm  v3.10.10
231 error code ELIFECYCLE
232 error gifsicle@0.1.7 postinstall: `node index.js`
232 error Exit status 1
233 error Failed at the gifsicle@0.1.7 postinstall script 'node index.js'.
233 error Make sure you have the latest version of node.js and npm installed.
233 error If you do, this is most likely a problem with the gifsicle package,
233 error not with npm itself.
233 error Tell the author that this fails on your system:
233 error     node index.js
233 error You can get information on how to open an issue for this project with:
233 error     npm bugs gifsicle
233 error Or if that isn't available, you can get their info via:
233 error     npm owner ls gifsicle
233 error There is likely additional logging output above.
234 verbose exit [ 1, true ]
